[2025-08-09T16:09:53.170+0000] {manager.py:487} INFO - Processing files using up to 2 processes at a time 
[2025-08-09T16:09:53.173+0000] {manager.py:488} INFO - Process each file at most once every 30 seconds
[2025-08-09T16:09:53.177+0000] {manager.py:489} INFO - Checking for new files in /opt/airflow/dags every 300 seconds
[2025-08-09T16:09:53.180+0000] {manager.py:755} INFO - Searching for files in /opt/airflow/dags
[2025-08-09T16:09:56.073+0000] {manager.py:758} INFO - There are 1 files in /opt/airflow/dags
[2025-08-09T16:09:56.253+0000] {manager.py:887} INFO - 
================================================================================
DAG File Processing Stats

File Path                                         PID  Runtime      # DAGs    # Errors  Last Runtime    Last Run
----------------------------------------------  -----  ---------  --------  ----------  --------------  ----------
/opt/airflow/dags/dac_coder/advertising/dag.py    199  0.05s             0           0
================================================================================
[2025-08-09T16:10:26.377+0000] {manager.py:887} INFO - 
================================================================================
DAG File Processing Stats

File Path                                       PID    Runtime      # DAGs    # Errors  Last Runtime    Last Run
----------------------------------------------  -----  ---------  --------  ----------  --------------  -------------------
/opt/airflow/dags/dac_coder/advertising/dag.py                           1           0  0.64s           2025-08-09T16:09:56
================================================================================
[2025-08-09T16:10:56.545+0000] {manager.py:887} INFO - 
================================================================================
DAG File Processing Stats

File Path                                       PID    Runtime      # DAGs    # Errors  Last Runtime    Last Run
----------------------------------------------  -----  ---------  --------  ----------  --------------  -------------------
/opt/airflow/dags/dac_coder/advertising/dag.py                           1           0  2.04s           2025-08-09T16:10:29
================================================================================
[2025-08-09T16:11:26.732+0000] {manager.py:887} INFO - 
================================================================================
DAG File Processing Stats

File Path                                       PID    Runtime      # DAGs    # Errors  Last Runtime    Last Run
----------------------------------------------  -----  ---------  --------  ----------  --------------  -------------------
/opt/airflow/dags/dac_coder/advertising/dag.py                           1           0  1.00s           2025-08-09T16:11:01
================================================================================
[2025-08-09T16:11:57.471+0000] {manager.py:887} INFO - 
================================================================================
DAG File Processing Stats

File Path                                       PID    Runtime      # DAGs    # Errors  Last Runtime    Last Run
----------------------------------------------  -----  ---------  --------  ----------  --------------  -------------------
/opt/airflow/dags/dac_coder/advertising/dag.py                           1           0  0.23s           2025-08-09T16:11:31
================================================================================
[2025-08-09T16:12:27.633+0000] {manager.py:887} INFO - 
================================================================================
DAG File Processing Stats

File Path                                       PID    Runtime      # DAGs    # Errors  Last Runtime    Last Run
----------------------------------------------  -----  ---------  --------  ----------  --------------  -------------------
/opt/airflow/dags/dac_coder/advertising/dag.py                           1           0  0.45s           2025-08-09T16:12:02
================================================================================
[2025-08-09T16:12:57.822+0000] {manager.py:887} INFO - 
================================================================================
DAG File Processing Stats

File Path                                       PID    Runtime      # DAGs    # Errors  Last Runtime    Last Run
----------------------------------------------  -----  ---------  --------  ----------  --------------  -------------------
/opt/airflow/dags/dac_coder/advertising/dag.py                           1           0  0.16s           2025-08-09T16:12:32
================================================================================
[2025-08-09T16:13:28.161+0000] {manager.py:887} INFO - 
================================================================================
DAG File Processing Stats

File Path                                       PID    Runtime      # DAGs    # Errors  Last Runtime    Last Run
----------------------------------------------  -----  ---------  --------  ----------  --------------  -------------------
/opt/airflow/dags/dac_coder/advertising/dag.py                           1           0  0.18s           2025-08-09T16:13:03
================================================================================
[2025-08-09T16:13:58.349+0000] {manager.py:887} INFO - 
================================================================================
DAG File Processing Stats

File Path                                       PID    Runtime      # DAGs    # Errors  Last Runtime    Last Run
----------------------------------------------  -----  ---------  --------  ----------  --------------  -------------------
/opt/airflow/dags/dac_coder/advertising/dag.py                           1           0  0.15s           2025-08-09T16:13:33
================================================================================
[2025-08-09T16:14:28.653+0000] {manager.py:887} INFO - 
================================================================================
DAG File Processing Stats

File Path                                       PID    Runtime      # DAGs    # Errors  Last Runtime    Last Run
----------------------------------------------  -----  ---------  --------  ----------  --------------  -------------------
/opt/airflow/dags/dac_coder/advertising/dag.py                           1           0  0.26s           2025-08-09T16:14:03
================================================================================
[2025-08-09T16:14:53.925+0000] {manager.py:755} INFO - Searching for files in /opt/airflow/dags
[2025-08-09T16:14:55.635+0000] {manager.py:758} INFO - There are 1 files in /opt/airflow/dags
[2025-08-09T16:14:58.695+0000] {manager.py:887} INFO - 
================================================================================
DAG File Processing Stats

File Path                                       PID    Runtime      # DAGs    # Errors  Last Runtime    Last Run
----------------------------------------------  -----  ---------  --------  ----------  --------------  -------------------
/opt/airflow/dags/dac_coder/advertising/dag.py                           1           0  0.17s           2025-08-09T16:14:33
================================================================================
[2025-08-09T16:15:28.922+0000] {manager.py:887} INFO - 
================================================================================
DAG File Processing Stats

File Path                                       PID    Runtime      # DAGs    # Errors  Last Runtime    Last Run
----------------------------------------------  -----  ---------  --------  ----------  --------------  -------------------
/opt/airflow/dags/dac_coder/advertising/dag.py                           1           0  0.46s           2025-08-09T16:15:05
================================================================================
[2025-08-09T16:15:51.399+0000] {manager.py:469} INFO - Exiting gracefully upon receiving signal 15
